2026-07-16 10:40:55.579 [main] INFO  com.weather.WeatherApplication - ========== 天气查询系统启动 ==========
2026-07-16 10:40:55.888 [main] ERROR com.weather.WeatherApplication - 服务初始化失败
java.lang.RuntimeException: API Key 未配置！请修改 src/main/resources/application.properties 中的 weather.api.key
	at com.weather.config.ApiConfig.<init>(ApiConfig.java:36)
	at com.weather.service.WeatherService.<init>(WeatherService.java:39)
	at com.weather.WeatherApplication.main(WeatherApplication.java:28)
2026-07-16 10:42:12.301 [main] INFO  com.weather.WeatherApplication - ========== 天气查询系统启动 ==========
2026-07-16 10:42:12.609 [main] ERROR com.weather.WeatherApplication - 服务初始化失败
java.lang.RuntimeException: API Key 未配置！请修改 src/main/resources/application.properties 中的 weather.api.key
	at com.weather.config.ApiConfig.<init>(ApiConfig.java:36)
	at com.weather.service.WeatherService.<init>(WeatherService.java:39)
	at com.weather.WeatherApplication.main(WeatherApplication.java:28)
2026-07-16 10:42:56.782 [main] INFO  com.weather.WeatherApplication - ========== 天气查询系统启动 ==========
2026-07-16 10:42:57.093 [main] ERROR com.weather.WeatherApplication - 服务初始化失败
java.lang.RuntimeException: API Key 未配置！请修改 src/main/resources/application.properties 中的 weather.api.key
	at com.weather.config.ApiConfig.<init>(ApiConfig.java:36)
	at com.weather.service.WeatherService.<init>(WeatherService.java:39)
	at com.weather.WeatherApplication.main(WeatherApplication.java:28)
2026-07-16 10:43:18.550 [main] INFO  com.weather.WeatherApplication - ========== 天气查询系统启动 ==========
2026-07-16 10:43:18.901 [main] ERROR com.weather.WeatherApplication - 服务初始化失败
java.lang.RuntimeException: API Key 未配置！请修改 src/main/resources/application.properties 中的 weather.api.key
	at com.weather.config.ApiConfig.<init>(ApiConfig.java:36)
	at com.weather.service.WeatherService.<init>(WeatherService.java:39)
	at com.weather.WeatherApplication.main(WeatherApplication.java:28)
2026-07-16 10:43:23.157 [main] INFO  com.weather.WeatherApplication - ========== 天气查询系统启动 ==========
2026-07-16 10:43:23.519 [main] ERROR com.weather.WeatherApplication - 服务初始化失败
java.lang.RuntimeException: API Key 未配置！请修改 src/main/resources/application.properties 中的 weather.api.key
	at com.weather.config.ApiConfig.<init>(ApiConfig.java:36)
	at com.weather.service.WeatherService.<init>(WeatherService.java:39)
	at com.weather.WeatherApplication.main(WeatherApplication.java:28)
2026-07-16 10:43:50.891 [main] INFO  com.weather.WeatherApplication - ========== 天气查询系统启动 ==========
2026-07-16 10:43:51.270 [main] ERROR com.weather.WeatherApplication - 服务初始化失败
java.lang.RuntimeException: API Key 未配置！请修改 src/main/resources/application.properties 中的 weather.api.key
	at com.weather.config.ApiConfig.<init>(ApiConfig.java:36)
	at com.weather.service.WeatherService.<init>(WeatherService.java:39)
	at com.weather.WeatherApplication.main(WeatherApplication.java:28)
2026-07-16 10:46:11.916 [main] INFO  com.weather.WeatherApplication - ========== 天气查询系统启动 ==========
2026-07-16 10:46:12.235 [main] INFO  com.weather.service.WeatherService - WeatherService 初始化完成
2026-07-16 10:46:21.077 [main] INFO  com.weather.service.WeatherService - 开始查询城市天气: [北京]
2026-07-16 10:46:21.083 [main] DEBUG com.weather.service.WeatherService - 城市搜索请求: https://geoapi.qweather.com/v2/city/lookup?location=%E5%8C%97%E4%BA%AC&key=964e51731f7a41ccad174e26241d0e8e
2026-07-16 10:46:21.648 [main] ERROR com.weather.service.WeatherService - HTTP 请求失败, status=404, url=https://geoapi.qweather.com/v2/city/lookup?location=%E5%8C%97%E4%BA%AC&key=964e51731f7a41ccad174e26241d0e8e
2026-07-16 10:52:27.376 [main] INFO  com.weather.WeatherApplication - ========== 天气查询系统启动 ==========
2026-07-16 10:52:27.727 [main] INFO  com.weather.service.WeatherService - WeatherService 初始化完成
2026-07-16 10:52:35.681 [main] INFO  com.weather.service.WeatherService - 开始查询城市天气: [北京]
2026-07-16 10:52:35.685 [main] DEBUG com.weather.service.WeatherService - 城市搜索请求: https://geoapi.qweather.com/v2/city/lookup?location=%E5%8C%97%E4%BA%AC&key=356a7f2c927a4a7f98b2c358b9cb3848
2026-07-16 10:52:36.184 [main] ERROR com.weather.service.WeatherService - HTTP 请求失败, status=404, url=https://geoapi.qweather.com/v2/city/lookup?location=%E5%8C%97%E4%BA%AC&key=356a7f2c927a4a7f98b2c358b9cb3848
2026-07-16 11:01:40.900 [main] INFO  com.weather.WeatherApplication - ========== 天气查询系统启动 ==========
2026-07-16 11:01:41.206 [main] INFO  com.weather.service.WeatherService - WeatherService 初始化完成
2026-07-16 11:01:46.272 [main] INFO  com.weather.service.WeatherService - 开始查询城市天气: [北京]
2026-07-16 11:01:46.277 [main] DEBUG com.weather.service.WeatherService - 城市搜索请求: https://geoapi.qweather.com/v2/city/lookup?location=%E5%8C%97%E4%BA%AC&key=ab016705d280420b8d72f5c6892901dc
2026-07-16 11:01:46.844 [main] INFO  com.weather.service.WeatherService - 城市搜索成功: 北京 → id=101010100
2026-07-16 11:01:46.844 [main] DEBUG com.weather.service.WeatherService - 天气请求: https://devapi.qweather.com/v7/weather/now?location=101010100&key=ab016705d280420b8d72f5c6892901dc
2026-07-16 11:01:47.085 [main] INFO  com.weather.service.WeatherService - 天气查询成功: 北京 - 31°C, 阴
2026-07-16 11:02:55.704 [main] INFO  com.weather.WeatherApplication - ========== 天气查询系统启动 ==========
2026-07-16 11:02:56.025 [main] INFO  com.weather.service.WeatherService - WeatherService 初始化完成
2026-07-16 11:03:02.204 [main] INFO  com.weather.WeatherApplication - 用户退出程序
2026-07-16 11:03:02.205 [main] INFO  com.weather.WeatherApplication - ========== 天气查询系统结束 ==========
